Arguments: 
  C:\Program Files\nodejs\node.exe C:\Users\loctk\AppData\Roaming\npm\node_modules\yarn\bin\yarn.js add lodash mi18n node-sasssortablejs svg-sprite

PATH: 
  C:\Users\loctk\bin;C:\Users\loctk\AppData\Local\Programs\Git\mingw64\bin;C:\Users\loctk\AppData\Local\Programs\Git\usr\local\bin;C:\Users\loctk\AppData\Local\Programs\Git\usr\bin;C:\Users\loctk\AppData\Local\Programs\Git\usr\bin;C:\Users\loctk\AppData\Local\Programs\Git\mingw64\bin;C:\Users\loctk\AppData\Local\Programs\Git\usr\bin;C:\Users\loctk\bin;C:\WINDOWS\system32;C:\WINDOWS;C:\WINDOWS\System32\Wbem;C:\WINDOWS\System32\WindowsPowerShell\v1.0;C:\WINDOWS\System32\OpenSSH;C:\Program Files\nodejs;C:\Program Files\dotnet;C:\Program Files\Microsoft SQL Server\130\Tools\Binn;C:\Program Files\Microsoft SQL Server\Client SDK\ODBC\170\Tools\Binn;C:\Users\loctk\AppData\Local\Microsoft\WindowsApps;C:\Users\loctk\AppData\Local\Programs\Microsoft VS Code\bin;C:\Users\loctk\AppData\Local\Programs\Git\cmd;C:\Users\loctk\AppData\Roaming\npm;C:\Users\loctk\.dotnet\tools;C:\Users\loctk\AppData\Local\Programs\Git\usr\bin\vendor_perl;C:\Users\loctk\AppData\Local\Programs\Git\usr\bin\core_perl

Yarn version: 
  1.22.10

Node version: 
  14.17.0

Platform: 
  win32 x64

Trace: 
  Error: https://registry.yarnpkg.com/node-sasssortablejs: Not found
      at Request.params.callback [as _callback] (C:\Users\loctk\AppData\Roaming\npm\node_modules\yarn\lib\cli.js:66988:18)
      at Request.self.callback (C:\Users\loctk\AppData\Roaming\npm\node_modules\yarn\lib\cli.js:140662:22)
      at Request.emit (events.js:376:20)
      at Request.<anonymous> (C:\Users\loctk\AppData\Roaming\npm\node_modules\yarn\lib\cli.js:141634:10)
      at Request.emit (events.js:376:20)
      at IncomingMessage.<anonymous> (C:\Users\loctk\AppData\Roaming\npm\node_modules\yarn\lib\cli.js:141556:12)
      at Object.onceWrapper (events.js:482:28)
      at IncomingMessage.emit (events.js:388:22)
      at endReadableNT (internal/streams/readable.js:1336:12)
      at processTicksAndRejections (internal/process/task_queues.js:82:21)

npm manifest: 
  No manifest

yarn manifest: 
  No manifest

Lockfile: 
  No lockfile
